<?xml version="1.0" encoding="UTF-8"?>
<testng-results skipped="0" failed="0" ignored="0" total="1" passed="1">
  <reporter-output>
  </reporter-output>
  <suite name="Default suite" duration-ms="7153" started-at="2021-03-08T18:30:02 IST" finished-at="2021-03-08T18:30:10 IST">
    <groups>
    </groups>
    <test name="Default test" duration-ms="7153" started-at="2021-03-08T18:30:02 IST" finished-at="2021-03-08T18:30:10 IST">
      <class name="APIautomation.GetTest">
        <test-method status="PASS" signature="get()[pri:0, instance:APIautomation.GetTest@d44fc21]" name="get" duration-ms="7092" started-at="2021-03-08T18:30:02 IST" finished-at="2021-03-08T18:30:09 IST">
          <reporter-output>
          </reporter-output>
        </test-method> <!-- get -->
      </class> <!-- APIautomation.GetTest -->
    </test> <!-- Default test -->
  </suite> <!-- Default suite -->
</testng-results>
