<?xml version="1.0" encoding="UTF-8"?>
<testng-results skipped="0" failed="0" ignored="0" total="1" passed="1">
  <reporter-output>
  </reporter-output>
  <suite name="Default suite" duration-ms="5335" started-at="2021-03-08T17:58:11 IST" finished-at="2021-03-08T17:58:16 IST">
    <groups>
    </groups>
    <test name="Default test" duration-ms="5335" started-at="2021-03-08T17:58:11 IST" finished-at="2021-03-08T17:58:16 IST">
      <class name="APIautomation.DeleteTest">
        <test-method status="PASS" signature="delete()[pri:0, instance:APIautomation.DeleteTest@d44fc21]" name="delete" duration-ms="5276" started-at="2021-03-08T17:58:11 IST" finished-at="2021-03-08T17:58:16 IST">
          <reporter-output>
          </reporter-output>
        </test-method> <!-- delete -->
      </class> <!-- APIautomation.DeleteTest -->
    </test> <!-- Default test -->
  </suite> <!-- Default suite -->
</testng-results>
